<?xml version="1.0" encoding="UTF-8"?>
<!-- Generated by org.testng.reporters.JUnitXMLReporter -->
<testsuite ignored="0" hostname="LAP-126" failures="0" tests="4" name="Default test" time="46.223" errors="0" timestamp="2026-04-08T16:54:47 IST">
  <testcase classname="tests.BrandCategoryPageLeadTest" name="verifyBrandCategoryPageCTPLead" time="7.178"/>
  <testcase classname="tests.BrandCategoryPageLeadTest" name="verifyBrandCategoryPageDealerLead" time="5.39"/>
  <testcase classname="tests.BrandCategoryPageLeadTest" name="verifyBrandCategoryPageEMILead" time="11.645"/>
  <testcase classname="tests.BrandCategoryPageLeadTest" name="verifyCompareSectionLead" time="6.627"/>
</testsuite> <!-- Default test -->
