<?xml version="1.0" encoding="UTF-8"?>
<!-- Generated by org.testng.reporters.JUnitXMLReporter -->
<testsuite ignored="0" hostname="LAP-126" failures="0" tests="20" name="Default test" time="244.933" errors="0" timestamp="2026-04-02T18:59:14 IST">
  <testcase classname="tests.ListingPageLeadTest" name="verify2WDListingPageCTPLead" time="7.716"/>
  <testcase classname="tests.ListingPageLeadTest" name="verify2WDListingPageEMILead" time="12.07"/>
  <testcase classname="tests.ListingPageLeadTest" name="verify4WDListingPageCTPLead" time="7.77"/>
  <testcase classname="tests.ListingPageLeadTest" name="verify4WDListingPageEMILead" time="7.066"/>
  <testcase classname="tests.ListingPageLeadTest" name="verifyACListingPageCTPLead" time="53.587"/>
  <testcase classname="tests.ListingPageLeadTest" name="verifyACListingPageEMILead" time="7.681"/>
  <testcase classname="tests.ListingPageLeadTest" name="verifyElectricListingPageCTPLead" time="7.723"/>
  <testcase classname="tests.ListingPageLeadTest" name="verifyElectricListingPageEMILead" time="11.799"/>
  <testcase classname="tests.ListingPageLeadTest" name="verifyLatestListingPageCTPLead" time="7.35"/>
  <testcase classname="tests.ListingPageLeadTest" name="verifyLatestListingPageEMILead" time="7.751"/>
  <testcase classname="tests.ListingPageLeadTest" name="verifyMiniListingPageCTPLead" time="12.506"/>
  <testcase classname="tests.ListingPageLeadTest" name="verifyMiniListingPageEMILead" time="7.625"/>
  <testcase classname="tests.ListingPageLeadTest" name="verifyNewListingPageCTPLead" time="8.324"/>
  <testcase classname="tests.ListingPageLeadTest" name="verifyNewListingPageEMILead" time="7.814"/>
  <testcase classname="tests.ListingPageLeadTest" name="verifyPopularListingPageCTPLead" time="12.49"/>
  <testcase classname="tests.ListingPageLeadTest" name="verifyPopularListingPageEMILead" time="7.075"/>
  <testcase classname="tests.ListingPageLeadTest" name="verifyTremIVListingPageCTPLead" time="7.603"/>
  <testcase classname="tests.ListingPageLeadTest" name="verifyTremIVListingPageEMILead" time="7.7"/>
  <testcase classname="tests.ListingPageLeadTest" name="verifyUpcomingListingPageCTPLead" time="6.792"/>
  <testcase classname="tests.ListingPageLeadTest" name="verifyUpcomingListingPageEMILead" time="11.808"/>
</testsuite> <!-- Default test -->
