<?xml version="1.0" encoding="UTF-8"?>
<testng-results ignored="0" total="1" passed="1" failed="0" skipped="0">
  <reporter-output>
  </reporter-output>
  <suite started-at="2026-03-27T17:33:25 IST" name="Default suite" finished-at="2026-03-27T17:33:36 IST" duration-ms="10588">
    <groups>
    </groups>
    <test started-at="2026-03-27T17:33:25 IST" name="Default test" finished-at="2026-03-27T17:33:36 IST" duration-ms="10588">
      <class name="tests.CheckTractorPriceLeadTest">
        <test-method is-config="true" signature="setup()[pri:0, instance:tests.CheckTractorPriceLeadTest@313ac989]" started-at="2026-03-27T17:33:25 IST" name="setup" finished-at="2026-03-27T17:33:29 IST" duration-ms="3936" status="PASS">
          <reporter-output>
          </reporter-output>
        </test-method> <!-- setup -->
        <test-method signature="verifyGetOfferBannerLead()[pri:0, instance:tests.CheckTractorPriceLeadTest@313ac989]" started-at="2026-03-27T17:33:29 IST" name="verifyGetOfferBannerLead" finished-at="2026-03-27T17:33:35 IST" duration-ms="6338" status="PASS">
          <reporter-output>
          </reporter-output>
        </test-method> <!-- verifyGetOfferBannerLead -->
        <test-method is-config="true" signature="tearDown()[pri:0, instance:tests.CheckTractorPriceLeadTest@313ac989]" started-at="2026-03-27T17:33:35 IST" name="tearDown" finished-at="2026-03-27T17:33:36 IST" duration-ms="258" status="PASS">
          <reporter-output>
          </reporter-output>
        </test-method> <!-- tearDown -->
      </class> <!-- tests.CheckTractorPriceLeadTest -->
    </test> <!-- Default test -->
  </suite> <!-- Default suite -->
</testng-results>
