<?xml version="1.0" encoding="UTF-8"?>
<testng-results ignored="0" total="2" passed="2" failed="0" skipped="0">
  <reporter-output>
  </reporter-output>
  <suite started-at="2026-04-10T18:13:21 IST" name="Default suite" finished-at="2026-04-10T18:14:05 IST" duration-ms="44029">
    <groups>
    </groups>
    <test started-at="2026-04-10T18:13:21 IST" name="Default test" finished-at="2026-04-10T18:14:05 IST" duration-ms="44029">
      <class name="tests.AllBrandsPageLeadTest">
        <test-method is-config="true" signature="setup()[pri:0, instance:tests.AllBrandsPageLeadTest@4c371370]" started-at="2026-04-10T18:13:21 IST" name="setup" finished-at="2026-04-10T18:13:25 IST" duration-ms="3997" status="PASS">
          <reporter-output>
          </reporter-output>
        </test-method> <!-- setup -->
        <test-method signature="verifyCompareSectionLead()[pri:0, instance:tests.AllBrandsPageLeadTest@4c371370]" started-at="2026-04-10T18:13:25 IST" name="verifyCompareSectionLead" finished-at="2026-04-10T18:13:34 IST" duration-ms="9773" status="PASS">
          <reporter-output>
          </reporter-output>
        </test-method> <!-- verifyCompareSectionLead -->
        <test-method is-config="true" signature="tearDown()[pri:0, instance:tests.AllBrandsPageLeadTest@4c371370]" started-at="2026-04-10T18:13:34 IST" name="tearDown" finished-at="2026-04-10T18:13:35 IST" duration-ms="169" status="PASS">
          <reporter-output>
          </reporter-output>
        </test-method> <!-- tearDown -->
        <test-method is-config="true" signature="setup()[pri:0, instance:tests.AllBrandsPageLeadTest@4c371370]" started-at="2026-04-10T18:13:35 IST" name="setup" finished-at="2026-04-10T18:13:38 IST" duration-ms="3054" status="PASS">
          <reporter-output>
          </reporter-output>
        </test-method> <!-- setup -->
        <test-method signature="verifyTractorTabsLead()[pri:0, instance:tests.AllBrandsPageLeadTest@4c371370]" started-at="2026-04-10T18:13:38 IST" name="verifyTractorTabsLead" finished-at="2026-04-10T18:14:04 IST" duration-ms="26803" status="PASS">
          <reporter-output>
          </reporter-output>
        </test-method> <!-- verifyTractorTabsLead -->
        <test-method is-config="true" signature="tearDown()[pri:0, instance:tests.AllBrandsPageLeadTest@4c371370]" started-at="2026-04-10T18:14:04 IST" name="tearDown" finished-at="2026-04-10T18:14:05 IST" duration-ms="203" status="PASS">
          <reporter-output>
          </reporter-output>
        </test-method> <!-- tearDown -->
      </class> <!-- tests.AllBrandsPageLeadTest -->
    </test> <!-- Default test -->
  </suite> <!-- Default suite -->
</testng-results>
