<?xml version="1.0" encoding="UTF-8"?>
<!-- Generated by org.testng.reporters.JUnitReportReporter -->
<testsuite hostname="LAP-126" failures="0" tests="20" name="tests.ListingPageLeadTest" time="240.747" errors="0" timestamp="2026-04-08T16:49:07 IST" skipped="0">
  <testcase classname="tests.ListingPageLeadTest" name="verifyUpcomingListingPageCTPLead" time="14.158"/>
  <testcase classname="tests.ListingPageLeadTest" name="verifyACListingPageEMILead" time="9.406"/>
  <testcase classname="tests.ListingPageLeadTest" name="verifyTremIVListingPageCTPLead" time="9.845"/>
  <testcase classname="tests.ListingPageLeadTest" name="verifyLatestListingPageCTPLead" time="9.175"/>
  <testcase classname="tests.ListingPageLeadTest" name="verifyNewListingPageCTPLead" time="14.822"/>
  <testcase classname="tests.ListingPageLeadTest" name="verifyNewListingPageEMILead" time="10.282"/>
  <testcase classname="tests.ListingPageLeadTest" name="verifyMiniListingPageCTPLead" time="15.417"/>
  <testcase classname="tests.ListingPageLeadTest" name="verifyElectricListingPageCTPLead" time="10.376"/>
  <testcase classname="tests.ListingPageLeadTest" name="verifyPopularListingPageCTPLead" time="10.026"/>
  <testcase classname="tests.ListingPageLeadTest" name="verify4WDListingPageCTPLead" time="15.729"/>
  <testcase classname="tests.ListingPageLeadTest" name="verifyUpcomingListingPageEMILead" time="13.152"/>
  <testcase classname="tests.ListingPageLeadTest" name="verifyLatestListingPageEMILead" time="14.217"/>
  <testcase classname="tests.ListingPageLeadTest" name="verifyACListingPageCTPLead" time="9.437"/>
  <testcase classname="tests.ListingPageLeadTest" name="verify4WDListingPageEMILead" time="13.983"/>
  <testcase classname="tests.ListingPageLeadTest" name="verifyElectricListingPageEMILead" time="9.183"/>
  <testcase classname="tests.ListingPageLeadTest" name="verify2WDListingPageEMILead" time="10.813"/>
  <testcase classname="tests.ListingPageLeadTest" name="verifyTremIVListingPageEMILead" time="9.440"/>
  <testcase classname="tests.ListingPageLeadTest" name="verify2WDListingPageCTPLead" time="15.633"/>
  <testcase classname="tests.ListingPageLeadTest" name="verifyPopularListingPageEMILead" time="9.533"/>
  <testcase classname="tests.ListingPageLeadTest" name="verifyMiniListingPageEMILead" time="16.120"/>
</testsuite> <!-- tests.ListingPageLeadTest -->
