<?xml version="1.0" encoding="UTF-8"?>
<!-- Generated by org.testng.reporters.JUnitReportReporter -->
<testsuite hostname="LAP-126" failures="0" tests="4" name="tests.BrandCategoryPageLeadTest" time="50.743" errors="0" timestamp="2026-04-10T13:07:12 IST" skipped="0">
  <testcase classname="tests.BrandCategoryPageLeadTest" name="verifyBrandCategoryPageEMILead" time="13.360"/>
  <testcase classname="tests.BrandCategoryPageLeadTest" name="verifyCompareSectionLead" time="10.049"/>
  <testcase classname="tests.BrandCategoryPageLeadTest" name="verifyBrandCategoryPageDealerLead" time="14.178"/>
  <testcase classname="tests.BrandCategoryPageLeadTest" name="verifyBrandCategoryPageCTPLead" time="13.156"/>
</testsuite> <!-- tests.BrandCategoryPageLeadTest -->
