<?xml version="1.0" encoding="UTF-8"?>
<!-- Generated by org.testng.reporters.JUnitReportReporter -->
<testsuite hostname="LAP-126" failures="0" tests="2" name="tests.BrandListingPageLeadTest" time="20.314" errors="0" timestamp="2026-04-10T15:34:12 IST" skipped="0">
  <testcase classname="tests.BrandListingPageLeadTest" name="verifyUnder50HPPageCTPLead" time="8.370"/>
  <testcase classname="tests.BrandListingPageLeadTest" name="verifyUnder50HPPageEMILead" time="11.944"/>
</testsuite> <!-- tests.BrandListingPageLeadTest -->
