<?xml version="1.0" encoding="UTF-8"?>
<!-- Generated by org.testng.reporters.JUnitReportReporter -->
<testsuite hostname="LAP-126" failures="0" tests="7" name="tests.CheckTractorPriceLeadTest" time="135.785" errors="0" timestamp="2026-04-08T16:51:48 IST" skipped="0">
  <testcase classname="tests.CheckTractorPriceLeadTest" name="verifyMiniTractorSectionLead" time="13.098"/>
  <testcase classname="tests.CheckTractorPriceLeadTest" name="verifyGetOfferBannerLead" time="16.820"/>
  <testcase classname="tests.CheckTractorPriceLeadTest" name="verifyPriceSectionTabsLead" time="32.502"/>
  <testcase classname="tests.CheckTractorPriceLeadTest" name="verifyCompareTractorSectionLead" time="10.542"/>
  <testcase classname="tests.CheckTractorPriceLeadTest" name="verifyHomeSectionTabsLead" time="28.082"/>
  <testcase classname="tests.CheckTractorPriceLeadTest" name="verifyEnquireNowBannerLead" time="9.366"/>
  <testcase classname="tests.CheckTractorPriceLeadTest" name="verifyHPSectionTabsLead" time="25.375"/>
</testsuite> <!-- tests.CheckTractorPriceLeadTest -->
