<?xml version="1.0" encoding="UTF-8"?>
<!-- Generated by org.testng.reporters.JUnitReportReporter -->
<testsuite hostname="LAP-126" failures="0" tests="2" name="tests.AllBrandsPageLeadTest" time="43.999" errors="0" timestamp="2026-04-10T18:14:05 IST" skipped="0">
  <testcase classname="tests.AllBrandsPageLeadTest" name="verifyTractorTabsLead" time="30.060"/>
  <testcase classname="tests.AllBrandsPageLeadTest" name="verifyCompareSectionLead" time="13.939"/>
</testsuite> <!-- tests.AllBrandsPageLeadTest -->
