<?xml version="1.0" encoding="UTF-8"?>
<!-- Generated by org.testng.reporters.JUnitReportReporter -->
<testsuite hostname="LAP-126" failures="0" tests="3" name="tests.CheckTractorPriceLeadTest" time="234.467" errors="0" timestamp="2026-03-26T14:56:13 IST" skipped="0">
  <testcase classname="tests.CheckTractorPriceLeadTest" name="verifyHPSectionTabsLead" time="85.193"/>
  <testcase classname="tests.CheckTractorPriceLeadTest" name="verifyPriceSectionTabsLead" time="90.749"/>
  <testcase classname="tests.CheckTractorPriceLeadTest" name="verifyHomeSectionTabsLead" time="58.525"/>
</testsuite> <!-- tests.CheckTractorPriceLeadTest -->
