<?xml version="1.0" encoding="UTF-8"?>
<!-- Generated by org.testng.reporters.JUnitReportReporter -->
<testsuite hostname="LAP-126" failures="0" tests="6" name="tests.BrandPageLeadTest" time="73.798" errors="0" timestamp="2026-04-08T16:03:06 IST" skipped="0">
  <testcase classname="tests.BrandPageLeadTest" name="verifyBrandPageApplyLoanLead" time="14.634"/>
  <testcase classname="tests.BrandPageLeadTest" name="verifyBrandPageDealerLead" time="11.516"/>
  <testcase classname="tests.BrandPageLeadTest" name="verifyBrandPageCTPLead" time="11.623"/>
  <testcase classname="tests.BrandPageLeadTest" name="verifyBrandPageBestPriceLead" time="12.397"/>
  <testcase classname="tests.BrandPageLeadTest" name="verifyBrandPageCompareSectionLead" time="12.143"/>
  <testcase classname="tests.BrandPageLeadTest" name="verifyBrandPageEMILead" time="11.485"/>
</testsuite> <!-- tests.BrandPageLeadTest -->
