<?xml version="1.0" encoding="UTF-8"?>
<!-- Generated by org.testng.reporters.JUnitReportReporter -->
<testsuite hostname="LAP-126" failures="0" tests="4" name="tests.BrandCategoryPageLeadTest" time="46.178" errors="0" timestamp="2026-04-08T16:54:48 IST" skipped="0">
  <testcase classname="tests.BrandCategoryPageLeadTest" name="verifyBrandCategoryPageDealerLead" time="8.813"/>
  <testcase classname="tests.BrandCategoryPageLeadTest" name="verifyBrandCategoryPageEMILead" time="15.251"/>
  <testcase classname="tests.BrandCategoryPageLeadTest" name="verifyCompareSectionLead" time="10.718"/>
  <testcase classname="tests.BrandCategoryPageLeadTest" name="verifyBrandCategoryPageCTPLead" time="11.396"/>
</testsuite> <!-- tests.BrandCategoryPageLeadTest -->
