<?xml version="1.0" encoding="UTF-8"?>
<!-- Generated by org.testng.reporters.JUnitReportReporter -->
<testsuite hostname="LAP-126" failures="0" tests="3" name="tests.BrandHPPageLeadTest" time="36.733" errors="0" timestamp="2026-04-08T16:52:38 IST" skipped="0">
  <testcase classname="tests.BrandHPPageLeadTest" name="verifyBrandHPPageCTPLead" time="13.461"/>
  <testcase classname="tests.BrandHPPageLeadTest" name="verifyBrandHPPageDealerLead" time="9.527"/>
  <testcase classname="tests.BrandHPPageLeadTest" name="verifyBrandHPPageEMILead" time="13.745"/>
</testsuite> <!-- tests.BrandHPPageLeadTest -->
