<?xml version="1.0" encoding="UTF-8"?>
<!-- Generated by org.testng.reporters.JUnitReportReporter -->
<testsuite hostname="LAP-126" failures="0" tests="6" name="tests.BrandPageLeadTest" time="98.760" errors="0" timestamp="2026-04-10T13:09:02 IST" skipped="0">
  <testcase classname="tests.BrandPageLeadTest" name="verifyBrandPageBestPriceLead" time="10.795"/>
  <testcase classname="tests.BrandPageLeadTest" name="verifyBrandPageDealerLead" time="14.781"/>
  <testcase classname="tests.BrandPageLeadTest" name="verifyBrandPageCTPLead" time="10.035"/>
  <testcase classname="tests.BrandPageLeadTest" name="verifyBrandPageCompareSectionLead" time="9.471"/>
  <testcase classname="tests.BrandPageLeadTest" name="verifyBrandPageApplyLoanLead" time="39.227"/>
  <testcase classname="tests.BrandPageLeadTest" name="verifyBrandPageEMILead" time="14.451"/>
</testsuite> <!-- tests.BrandPageLeadTest -->
