<?xml version="1.0" encoding="UTF-8"?>
<!-- Generated by org.testng.reporters.JUnitReportReporter -->
<testsuite hostname="LAP-126" failures="0" tests="20" name="tests.ListingPageLeadTest" time="244.846" errors="0" timestamp="2026-04-02T18:59:14 IST" skipped="0">
  <testcase classname="tests.ListingPageLeadTest" name="verifyLatestListingPageEMILead" time="9.033"/>
  <testcase classname="tests.ListingPageLeadTest" name="verifyNewListingPageEMILead" time="8.904"/>
  <testcase classname="tests.ListingPageLeadTest" name="verifyUpcomingListingPageCTPLead" time="7.853"/>
  <testcase classname="tests.ListingPageLeadTest" name="verifyElectricListingPageEMILead" time="12.920"/>
  <testcase classname="tests.ListingPageLeadTest" name="verify4WDListingPageCTPLead" time="8.902"/>
  <testcase classname="tests.ListingPageLeadTest" name="verifyPopularListingPageEMILead" time="8.221"/>
  <testcase classname="tests.ListingPageLeadTest" name="verify2WDListingPageCTPLead" time="8.891"/>
  <testcase classname="tests.ListingPageLeadTest" name="verifyTremIVListingPageCTPLead" time="10.030"/>
  <testcase classname="tests.ListingPageLeadTest" name="verify4WDListingPageEMILead" time="8.270"/>
  <testcase classname="tests.ListingPageLeadTest" name="verifyTremIVListingPageEMILead" time="8.880"/>
  <testcase classname="tests.ListingPageLeadTest" name="verifyPopularListingPageCTPLead" time="13.638"/>
  <testcase classname="tests.ListingPageLeadTest" name="verifyLatestListingPageCTPLead" time="8.550"/>
  <testcase classname="tests.ListingPageLeadTest" name="verifyUpcomingListingPageEMILead" time="12.978"/>
  <testcase classname="tests.ListingPageLeadTest" name="verifyMiniListingPageCTPLead" time="13.694"/>
  <testcase classname="tests.ListingPageLeadTest" name="verifyACListingPageEMILead" time="8.910"/>
  <testcase classname="tests.ListingPageLeadTest" name="verifyNewListingPageCTPLead" time="9.473"/>
  <testcase classname="tests.ListingPageLeadTest" name="verifyElectricListingPageCTPLead" time="8.891"/>
  <testcase classname="tests.ListingPageLeadTest" name="verifyACListingPageCTPLead" time="54.684"/>
  <testcase classname="tests.ListingPageLeadTest" name="verify2WDListingPageEMILead" time="13.323"/>
  <testcase classname="tests.ListingPageLeadTest" name="verifyMiniListingPageEMILead" time="8.801"/>
</testsuite> <!-- tests.ListingPageLeadTest -->
