<?xml version="1.0" encoding="UTF-8"?>
<!-- Generated by org.testng.reporters.JUnitReportReporter -->
<testsuite hostname="LAP-126" failures="0" tests="3" name="tests.BrandHPPageLeadTest" time="41.170" errors="0" timestamp="2026-04-09T18:48:10 IST" skipped="0">
  <testcase classname="tests.BrandHPPageLeadTest" name="verifyBrandHPPageCTPLead" time="10.358"/>
  <testcase classname="tests.BrandHPPageLeadTest" name="verifyBrandHPPageEMILead" time="16.193"/>
  <testcase classname="tests.BrandHPPageLeadTest" name="verifyBrandHPPageDealerLead" time="14.619"/>
</testsuite> <!-- tests.BrandHPPageLeadTest -->
